<?xml version="1.0" encoding="UTF-8"?>
<!-- Generated by org.testng.reporters.JUnitReportReporter -->
<testsuite skipped="0" hostname="QAP36-PC" name="testngExa.ex1" tests="2" failures="0" timestamp="23 Oct 2018 06:38:30 GMT" time="0.016" errors="0">
  <testcase name="method6" time="0.000" classname="testngExa.ex1"/>
  <testcase name="method5" time="0.016" classname="testngExa.ex1"/>
</testsuite> <!-- testngExa.ex1 -->
