<?xml version="1.0" encoding="UTF-8"?>
<!-- Generated by org.testng.reporters.JUnitReportReporter -->
<testsuite skipped="0" hostname="QAP36-PC" name="frameworkLIB.ex1" tests="1" failures="0" timestamp="23 Oct 2018 07:42:24 GMT" time="0.000" errors="0">
  <testcase name="method6" time="0.000" classname="frameworkLIB.ex1"/>
</testsuite> <!-- frameworkLIB.ex1 -->
