<?xml version="1.0" encoding="UTF-8"?>
<!-- Generated by org.testng.reporters.JUnitReportReporter -->
<testsuite skipped="0" hostname="QAP36-PC" name="frameworkLIB.sreebusiness" tests="1" failures="0" timestamp="23 Oct 2018 07:57:08 GMT" time="2.850" errors="0">
  <testcase name="method3" time="2.850" classname="frameworkLIB.sreebusiness"/>
</testsuite> <!-- frameworkLIB.sreebusiness -->
