<?xml version="1.0" encoding="UTF-8"?>
<!-- Generated by org.testng.reporters.JUnitReportReporter -->
<testsuite skipped="0" hostname="QAP36-PC" name="frameworkLIB.businessfunstionsex2" tests="1" failures="0" timestamp="23 Oct 2018 07:57:08 GMT" time="12.688" errors="0">
  <testcase name="openapp" time="12.688" classname="frameworkLIB.businessfunstionsex2"/>
</testsuite> <!-- frameworkLIB.businessfunstionsex2 -->
