<?xml version="1.0" encoding="UTF-8"?>
<!-- Generated by org.testng.reporters.JUnitReportReporter -->
<testsuite skipped="0" hostname="QAP36-PC" name="anju_automation.testngexampl" tests="2" failures="0" timestamp="23 Oct 2018 04:44:05 GMT" time="0.005" errors="0">
  <testcase name="method3" time="0.001" classname="anju_automation.testngexampl"/>
  <testcase name="method1" time="0.004" classname="anju_automation.testngexampl"/>
</testsuite> <!-- anju_automation.testngexampl -->
